2014.06.20 11:52 B E:\WEBPROJECT\IMC\slider\banner_1.jpg --> www.an.tv /home/antv/www/mdia/slider banner_1.jpg
2014.06.20 11:52 B E:\WEBPROJECT\IMC\slider\slider_banner.jpg --> www.an.tv /home/antv/www/mdia/slider slider_banner.jpg
2014.06.20 11:52 B E:\WEBPROJECT\IMC\slider\slider_csr.jpg --> www.an.tv /home/antv/www/mdia/slider slider_csr.jpg
2014.06.20 11:52 B E:\WEBPROJECT\IMC\slider\slider_industri.jpg --> www.an.tv /home/antv/www/mdia/slider slider_industri.jpg
2014.06.20 11:52 B E:\WEBPROJECT\IMC\slider\slider_kontak.jpg --> www.an.tv /home/antv/www/mdia/slider slider_kontak.jpg
2014.06.20 11:52 B E:\WEBPROJECT\IMC\slider\slider_profil.jpg --> www.an.tv /home/antv/www/mdia/slider slider_profil.jpg
2014.06.20 11:52 B E:\WEBPROJECT\IMC\slider\slider_rups.jpg --> www.an.tv /home/antv/www/mdia/slider slider_rups.jpg
2014.06.20 11:52 B E:\WEBPROJECT\IMC\slider\slider_sambutan.jpg --> www.an.tv /home/antv/www/mdia/slider slider_sambutan.jpg
2014.06.20 11:52 B E:\WEBPROJECT\IMC\slider\slider_visi.jpg --> www.an.tv /home/antv/www/mdia/slider slider_visi.jpg
2014.06.20 11:52 B E:\WEBPROJECT\IMC\slider\Thumbs.db --> www.an.tv /home/antv/www/mdia/slider Thumbs.db
2014.06.20 18:58 B E:\WEBPROJECT\IMC\slider\banner_1.jpg --> www.an.tv /home/antv/www/IMC/mdia/slider banner_1.jpg
2014.06.20 18:58 B E:\WEBPROJECT\IMC\slider\slider_banner.jpg --> www.an.tv /home/antv/www/IMC/mdia/slider slider_banner.jpg
2014.06.20 18:58 B E:\WEBPROJECT\IMC\slider\slider_csr.jpg --> www.an.tv /home/antv/www/IMC/mdia/slider slider_csr.jpg
2014.06.20 18:58 B E:\WEBPROJECT\IMC\slider\slider_idx.jpg --> www.an.tv /home/antv/www/IMC/mdia/slider slider_idx.jpg
2014.06.20 18:58 B E:\WEBPROJECT\IMC\slider\slider_industri.jpg --> www.an.tv /home/antv/www/IMC/mdia/slider slider_industri.jpg
2014.06.20 18:58 B E:\WEBPROJECT\IMC\slider\slider_kontak.jpg --> www.an.tv /home/antv/www/IMC/mdia/slider slider_kontak.jpg
2014.06.20 18:58 B E:\WEBPROJECT\IMC\slider\slider_laporan.jpg --> www.an.tv /home/antv/www/IMC/mdia/slider slider_laporan.jpg
2014.06.20 18:58 B E:\WEBPROJECT\IMC\slider\slider_profil.jpg --> www.an.tv /home/antv/www/IMC/mdia/slider slider_profil.jpg
2014.06.20 18:58 B E:\WEBPROJECT\IMC\slider\slider_rups.jpg --> www.an.tv /home/antv/www/IMC/mdia/slider slider_rups.jpg
2014.06.20 18:58 B E:\WEBPROJECT\IMC\slider\slider_sambutan.jpg --> www.an.tv /home/antv/www/IMC/mdia/slider slider_sambutan.jpg
2014.06.20 18:58 B E:\WEBPROJECT\IMC\slider\slider_visi.jpg --> www.an.tv /home/antv/www/IMC/mdia/slider slider_visi.jpg
2014.06.20 18:58 B E:\WEBPROJECT\IMC\slider\Thumbs.db --> www.an.tv /home/antv/www/IMC/mdia/slider Thumbs.db
2014.06.20 18:58 B E:\WEBPROJECT\IMC\slider\WS_FTP.LOG --> www.an.tv /home/antv/www/IMC/mdia/slider WS_FTP.LOG
2014.06.23 12:58 B E:\WEBPROJECT\IMC\slider\slider_idx.jpg --> www.an.tv /home/antv/www/mdia/slider slider_idx.jpg
2014.06.23 12:58 B E:\WEBPROJECT\IMC\slider\slider_laporan.jpg --> www.an.tv /home/antv/www/mdia/slider slider_laporan.jpg
2014.06.23 12:58 B E:\WEBPROJECT\IMC\slider\WS_FTP.LOG --> www.an.tv /home/antv/www/mdia/slider WS_FTP.LOG
2014.06.23 14:42 B E:\WEBPROJECT\IMC\slider\Thumbs.db --> www.an.tv /home/antv/www/IMC/mdia/slider Thumbs.db
2014.06.23 14:42 B E:\WEBPROJECT\IMC\slider\WS_FTP.LOG --> www.an.tv /home/antv/www/IMC/mdia/slider WS_FTP.LOG
2014.06.25 10:59 B E:\WEBPROJECT\IMC\slider\WS_FTP.LOG --> www.an.tv /home/antv/www/IMC/slider WS_FTP.LOG
2014.06.25 10:59 B E:\WEBPROJECT\IMC\slider\Thumbs.db --> www.an.tv /home/antv/www/IMC/slider Thumbs.db
2014.06.25 10:59 B E:\WEBPROJECT\IMC\slider\slider_visi.jpg --> www.an.tv /home/antv/www/IMC/slider slider_visi.jpg
2014.06.25 10:59 B E:\WEBPROJECT\IMC\slider\slider_sambutan.jpg --> www.an.tv /home/antv/www/IMC/slider slider_sambutan.jpg
2014.06.25 10:59 B E:\WEBPROJECT\IMC\slider\slider_rups.jpg --> www.an.tv /home/antv/www/IMC/slider slider_rups.jpg
2014.06.25 10:59 B E:\WEBPROJECT\IMC\slider\slider_profil.jpg --> www.an.tv /home/antv/www/IMC/slider slider_profil.jpg
2014.06.25 10:59 B E:\WEBPROJECT\IMC\slider\slider_laporan.jpg --> www.an.tv /home/antv/www/IMC/slider slider_laporan.jpg
2014.06.25 10:59 B E:\WEBPROJECT\IMC\slider\slider_kontak.jpg --> www.an.tv /home/antv/www/IMC/slider slider_kontak.jpg
2014.06.25 10:59 B E:\WEBPROJECT\IMC\slider\slider_industri.jpg --> www.an.tv /home/antv/www/IMC/slider slider_industri.jpg
2014.06.25 10:59 B E:\WEBPROJECT\IMC\slider\slider_idx.jpg --> www.an.tv /home/antv/www/IMC/slider slider_idx.jpg
2014.06.25 10:59 B E:\WEBPROJECT\IMC\slider\slider_csr.jpg --> www.an.tv /home/antv/www/IMC/slider slider_csr.jpg
2014.06.25 10:59 B E:\WEBPROJECT\IMC\slider\slider_banner.jpg --> www.an.tv /home/antv/www/IMC/slider slider_banner.jpg
2014.06.25 10:59 B E:\WEBPROJECT\IMC\slider\banner_1.jpg --> www.an.tv /home/antv/www/IMC/slider banner_1.jpg
