2014.06.20 11:52 B E:\WEBPROJECT\IMC\images\banner_1.jpg --> www.an.tv /home/antv/www/mdia/images banner_1.jpg
2014.06.20 11:52 B E:\WEBPROJECT\IMC\images\banner_2.jpg --> www.an.tv /home/antv/www/mdia/images banner_2.jpg
2014.06.20 11:52 B E:\WEBPROJECT\IMC\images\footer.jpg --> www.an.tv /home/antv/www/mdia/images footer.jpg
2014.06.20 11:52 B E:\WEBPROJECT\IMC\images\img_1.jpg --> www.an.tv /home/antv/www/mdia/images img_1.jpg
2014.06.20 11:52 B E:\WEBPROJECT\IMC\images\img_2.jpg --> www.an.tv /home/antv/www/mdia/images img_2.jpg
2014.06.20 11:52 B E:\WEBPROJECT\IMC\images\img_3.jpg --> www.an.tv /home/antv/www/mdia/images img_3.jpg
2014.06.20 11:52 B E:\WEBPROJECT\IMC\images\img_4.jpg --> www.an.tv /home/antv/www/mdia/images img_4.jpg
2014.06.20 11:52 B E:\WEBPROJECT\IMC\images\img_5.jpg --> www.an.tv /home/antv/www/mdia/images img_5.jpg
2014.06.20 11:52 B E:\WEBPROJECT\IMC\images\img_6.jpg --> www.an.tv /home/antv/www/mdia/images img_6.jpg
2014.06.20 11:52 B E:\WEBPROJECT\IMC\images\img_7.jpg --> www.an.tv /home/antv/www/mdia/images img_7.jpg
2014.06.20 11:52 B E:\WEBPROJECT\IMC\images\img_8.jpg --> www.an.tv /home/antv/www/mdia/images img_8.jpg
2014.06.20 11:52 B E:\WEBPROJECT\IMC\images\img_9.jpg --> www.an.tv /home/antv/www/mdia/images img_9.jpg
2014.06.20 11:52 B E:\WEBPROJECT\IMC\images\img_bg.jpg --> www.an.tv /home/antv/www/mdia/images img_bg.jpg
2014.06.20 11:52 B E:\WEBPROJECT\IMC\images\img_bg2.jpg --> www.an.tv /home/antv/www/mdia/images img_bg2.jpg
2014.06.20 11:52 B E:\WEBPROJECT\IMC\images\img_bg_header.jpg --> www.an.tv /home/antv/www/mdia/images img_bg_header.jpg
2014.06.20 11:52 B E:\WEBPROJECT\IMC\images\img_bg_menu_dalam.jpg --> www.an.tv /home/antv/www/mdia/images img_bg_menu_dalam.jpg
2014.06.20 11:52 B E:\WEBPROJECT\IMC\images\img_dot.jpg --> www.an.tv /home/antv/www/mdia/images img_dot.jpg
2014.06.20 11:52 B E:\WEBPROJECT\IMC\images\img_search.jpg --> www.an.tv /home/antv/www/mdia/images img_search.jpg
2014.06.20 11:52 B E:\WEBPROJECT\IMC\images\img_underconstruction.jpg --> www.an.tv /home/antv/www/mdia/images img_underconstruction.jpg
2014.06.20 11:52 B E:\WEBPROJECT\IMC\images\logo_antv.jpg --> www.an.tv /home/antv/www/mdia/images logo_antv.jpg
2014.06.20 11:52 B E:\WEBPROJECT\IMC\images\menu_1.jpg --> www.an.tv /home/antv/www/mdia/images menu_1.jpg
2014.06.20 11:52 B E:\WEBPROJECT\IMC\images\menu_2.jpg --> www.an.tv /home/antv/www/mdia/images menu_2.jpg
2014.06.20 11:52 B E:\WEBPROJECT\IMC\images\menu_3.jpg --> www.an.tv /home/antv/www/mdia/images menu_3.jpg
2014.06.20 11:52 B E:\WEBPROJECT\IMC\images\menu_4.jpg --> www.an.tv /home/antv/www/mdia/images menu_4.jpg
2014.06.20 11:52 B E:\WEBPROJECT\IMC\images\menu_5.jpg --> www.an.tv /home/antv/www/mdia/images menu_5.jpg
2014.06.20 11:52 B E:\WEBPROJECT\IMC\images\slider_banner.jpg --> www.an.tv /home/antv/www/mdia/images slider_banner.jpg
2014.06.20 11:52 B E:\WEBPROJECT\IMC\images\slider_csr.jpg --> www.an.tv /home/antv/www/mdia/images slider_csr.jpg
2014.06.20 11:52 B E:\WEBPROJECT\IMC\images\slider_industri.jpg --> www.an.tv /home/antv/www/mdia/images slider_industri.jpg
2014.06.20 11:52 B E:\WEBPROJECT\IMC\images\slider_kontak.jpg --> www.an.tv /home/antv/www/mdia/images slider_kontak.jpg
2014.06.20 11:52 B E:\WEBPROJECT\IMC\images\slider_profil.jpg --> www.an.tv /home/antv/www/mdia/images slider_profil.jpg
2014.06.20 11:52 B E:\WEBPROJECT\IMC\images\slider_rups.jpg --> www.an.tv /home/antv/www/mdia/images slider_rups.jpg
2014.06.20 11:52 B E:\WEBPROJECT\IMC\images\slider_sambutan.jpg --> www.an.tv /home/antv/www/mdia/images slider_sambutan.jpg
2014.06.20 11:52 B E:\WEBPROJECT\IMC\images\slider_visi.jpg --> www.an.tv /home/antv/www/mdia/images slider_visi.jpg
2014.06.20 11:52 B E:\WEBPROJECT\IMC\images\Thumbs.db --> www.an.tv /home/antv/www/mdia/images Thumbs.db
2014.06.20 18:57 B E:\WEBPROJECT\IMC\images\banner_1.jpg --> www.an.tv /home/antv/www/IMC/mdia/images banner_1.jpg
2014.06.20 18:57 B E:\WEBPROJECT\IMC\images\banner_2.jpg --> www.an.tv /home/antv/www/IMC/mdia/images banner_2.jpg
2014.06.20 18:57 B E:\WEBPROJECT\IMC\images\family.jpg --> www.an.tv /home/antv/www/IMC/mdia/images family.jpg
2014.06.20 18:57 B E:\WEBPROJECT\IMC\images\female.jpg --> www.an.tv /home/antv/www/IMC/mdia/images female.jpg
2014.06.20 18:57 B E:\WEBPROJECT\IMC\images\footer.jpg --> www.an.tv /home/antv/www/IMC/mdia/images footer.jpg
2014.06.20 18:57 B E:\WEBPROJECT\IMC\images\img_1.jpg --> www.an.tv /home/antv/www/IMC/mdia/images img_1.jpg
2014.06.20 18:57 B E:\WEBPROJECT\IMC\images\img_10.jpg --> www.an.tv /home/antv/www/IMC/mdia/images img_10.jpg
2014.06.20 18:57 B E:\WEBPROJECT\IMC\images\img_11.jpg --> www.an.tv /home/antv/www/IMC/mdia/images img_11.jpg
2014.06.20 18:57 B E:\WEBPROJECT\IMC\images\img_12.jpg --> www.an.tv /home/antv/www/IMC/mdia/images img_12.jpg
2014.06.20 18:57 B E:\WEBPROJECT\IMC\images\img_13.jpg --> www.an.tv /home/antv/www/IMC/mdia/images img_13.jpg
2014.06.20 18:57 B E:\WEBPROJECT\IMC\images\img_2.jpg --> www.an.tv /home/antv/www/IMC/mdia/images img_2.jpg
2014.06.20 18:57 B E:\WEBPROJECT\IMC\images\img_3.jpg --> www.an.tv /home/antv/www/IMC/mdia/images img_3.jpg
2014.06.20 18:57 B E:\WEBPROJECT\IMC\images\img_4.jpg --> www.an.tv /home/antv/www/IMC/mdia/images img_4.jpg
2014.06.20 18:57 B E:\WEBPROJECT\IMC\images\img_5.jpg --> www.an.tv /home/antv/www/IMC/mdia/images img_5.jpg
2014.06.20 18:57 B E:\WEBPROJECT\IMC\images\img_6.jpg --> www.an.tv /home/antv/www/IMC/mdia/images img_6.jpg
2014.06.20 18:57 B E:\WEBPROJECT\IMC\images\img_7.jpg --> www.an.tv /home/antv/www/IMC/mdia/images img_7.jpg
2014.06.20 18:57 B E:\WEBPROJECT\IMC\images\img_8.jpg --> www.an.tv /home/antv/www/IMC/mdia/images img_8.jpg
2014.06.20 18:57 B E:\WEBPROJECT\IMC\images\img_9.jpg --> www.an.tv /home/antv/www/IMC/mdia/images img_9.jpg
2014.06.20 18:57 B E:\WEBPROJECT\IMC\images\img_bg.jpg --> www.an.tv /home/antv/www/IMC/mdia/images img_bg.jpg
2014.06.20 18:57 B E:\WEBPROJECT\IMC\images\img_bg2.jpg --> www.an.tv /home/antv/www/IMC/mdia/images img_bg2.jpg
2014.06.20 18:57 B E:\WEBPROJECT\IMC\images\img_bg_header.jpg --> www.an.tv /home/antv/www/IMC/mdia/images img_bg_header.jpg
2014.06.20 18:58 B E:\WEBPROJECT\IMC\images\img_bg_menu_dalam.jpg --> www.an.tv /home/antv/www/IMC/mdia/images img_bg_menu_dalam.jpg
2014.06.20 18:58 B E:\WEBPROJECT\IMC\images\img_dot.jpg --> www.an.tv /home/antv/www/IMC/mdia/images img_dot.jpg
2014.06.20 18:58 B E:\WEBPROJECT\IMC\images\img_search.jpg --> www.an.tv /home/antv/www/IMC/mdia/images img_search.jpg
2014.06.20 18:58 B E:\WEBPROJECT\IMC\images\img_underconstruction.jpg --> www.an.tv /home/antv/www/IMC/mdia/images img_underconstruction.jpg
2014.06.20 18:58 B E:\WEBPROJECT\IMC\images\kids.jpg --> www.an.tv /home/antv/www/IMC/mdia/images kids.jpg
2014.06.20 18:58 B E:\WEBPROJECT\IMC\images\logo_antv.jpg --> www.an.tv /home/antv/www/IMC/mdia/images logo_antv.jpg
2014.06.20 18:58 B E:\WEBPROJECT\IMC\images\logo_antv_kecil.jpg --> www.an.tv /home/antv/www/IMC/mdia/images logo_antv_kecil.jpg
2014.06.20 18:58 B E:\WEBPROJECT\IMC\images\male.jpg --> www.an.tv /home/antv/www/IMC/mdia/images male.jpg
2014.06.20 18:58 B E:\WEBPROJECT\IMC\images\menu_1.jpg --> www.an.tv /home/antv/www/IMC/mdia/images menu_1.jpg
2014.06.20 18:58 B E:\WEBPROJECT\IMC\images\menu_2.jpg --> www.an.tv /home/antv/www/IMC/mdia/images menu_2.jpg
2014.06.20 18:58 B E:\WEBPROJECT\IMC\images\menu_3.jpg --> www.an.tv /home/antv/www/IMC/mdia/images menu_3.jpg
2014.06.20 18:58 B E:\WEBPROJECT\IMC\images\menu_4.jpg --> www.an.tv /home/antv/www/IMC/mdia/images menu_4.jpg
2014.06.20 18:58 B E:\WEBPROJECT\IMC\images\menu_5.jpg --> www.an.tv /home/antv/www/IMC/mdia/images menu_5.jpg
2014.06.20 18:58 B E:\WEBPROJECT\IMC\images\slider_banner.jpg --> www.an.tv /home/antv/www/IMC/mdia/images slider_banner.jpg
2014.06.20 18:58 B E:\WEBPROJECT\IMC\images\slider_csr.jpg --> www.an.tv /home/antv/www/IMC/mdia/images slider_csr.jpg
2014.06.20 18:58 B E:\WEBPROJECT\IMC\images\slider_industri.jpg --> www.an.tv /home/antv/www/IMC/mdia/images slider_industri.jpg
2014.06.20 18:58 B E:\WEBPROJECT\IMC\images\slider_kontak.jpg --> www.an.tv /home/antv/www/IMC/mdia/images slider_kontak.jpg
2014.06.20 18:58 B E:\WEBPROJECT\IMC\images\slider_profil.jpg --> www.an.tv /home/antv/www/IMC/mdia/images slider_profil.jpg
2014.06.20 18:58 B E:\WEBPROJECT\IMC\images\slider_rups.jpg --> www.an.tv /home/antv/www/IMC/mdia/images slider_rups.jpg
2014.06.20 18:58 B E:\WEBPROJECT\IMC\images\slider_sambutan.jpg --> www.an.tv /home/antv/www/IMC/mdia/images slider_sambutan.jpg
2014.06.20 18:58 B E:\WEBPROJECT\IMC\images\slider_visi.jpg --> www.an.tv /home/antv/www/IMC/mdia/images slider_visi.jpg
2014.06.20 18:58 B E:\WEBPROJECT\IMC\images\Thumbs.db --> www.an.tv /home/antv/www/IMC/mdia/images Thumbs.db
2014.06.20 18:58 B E:\WEBPROJECT\IMC\images\WS_FTP.LOG --> www.an.tv /home/antv/www/IMC/mdia/images WS_FTP.LOG
2014.06.23 12:58 B E:\WEBPROJECT\IMC\images\family.jpg --> www.an.tv /home/antv/www/mdia/images family.jpg
2014.06.23 12:58 B E:\WEBPROJECT\IMC\images\female.jpg --> www.an.tv /home/antv/www/mdia/images female.jpg
2014.06.23 12:58 B E:\WEBPROJECT\IMC\images\footer.jpg --> www.an.tv /home/antv/www/mdia/images footer.jpg
2014.06.23 12:58 B E:\WEBPROJECT\IMC\images\img_10.jpg --> www.an.tv /home/antv/www/mdia/images img_10.jpg
2014.06.23 12:58 B E:\WEBPROJECT\IMC\images\img_11.jpg --> www.an.tv /home/antv/www/mdia/images img_11.jpg
2014.06.23 12:58 B E:\WEBPROJECT\IMC\images\img_12.jpg --> www.an.tv /home/antv/www/mdia/images img_12.jpg
2014.06.23 12:58 B E:\WEBPROJECT\IMC\images\img_13.jpg --> www.an.tv /home/antv/www/mdia/images img_13.jpg
2014.06.23 12:58 B E:\WEBPROJECT\IMC\images\kids.jpg --> www.an.tv /home/antv/www/mdia/images kids.jpg
2014.06.23 12:58 B E:\WEBPROJECT\IMC\images\logo_antv_kecil.jpg --> www.an.tv /home/antv/www/mdia/images logo_antv_kecil.jpg
2014.06.23 12:58 B E:\WEBPROJECT\IMC\images\male.jpg --> www.an.tv /home/antv/www/mdia/images male.jpg
2014.06.23 12:58 B E:\WEBPROJECT\IMC\images\Thumbs.db --> www.an.tv /home/antv/www/mdia/images Thumbs.db
2014.06.23 12:58 B E:\WEBPROJECT\IMC\images\WS_FTP.LOG --> www.an.tv /home/antv/www/mdia/images WS_FTP.LOG
2014.06.23 14:41 B E:\WEBPROJECT\IMC\images\banner_1.jpg --> www.an.tv /home/antv/www/IMC/images banner_1.jpg
2014.06.23 14:41 B E:\WEBPROJECT\IMC\images\banner_2.jpg --> www.an.tv /home/antv/www/IMC/images banner_2.jpg
2014.06.23 14:41 B E:\WEBPROJECT\IMC\images\family.jpg --> www.an.tv /home/antv/www/IMC/images family.jpg
2014.06.23 14:41 B E:\WEBPROJECT\IMC\images\female.jpg --> www.an.tv /home/antv/www/IMC/images female.jpg
2014.06.23 14:41 B E:\WEBPROJECT\IMC\images\footer.jpg --> www.an.tv /home/antv/www/IMC/images footer.jpg
2014.06.23 14:41 B E:\WEBPROJECT\IMC\images\img_1.jpg --> www.an.tv /home/antv/www/IMC/images img_1.jpg
2014.06.23 14:41 B E:\WEBPROJECT\IMC\images\img_10.jpg --> www.an.tv /home/antv/www/IMC/images img_10.jpg
2014.06.23 14:41 B E:\WEBPROJECT\IMC\images\img_11.jpg --> www.an.tv /home/antv/www/IMC/images img_11.jpg
2014.06.23 14:41 B E:\WEBPROJECT\IMC\images\img_12.jpg --> www.an.tv /home/antv/www/IMC/images img_12.jpg
2014.06.23 14:41 B E:\WEBPROJECT\IMC\images\img_13.jpg --> www.an.tv /home/antv/www/IMC/images img_13.jpg
2014.06.23 14:41 B E:\WEBPROJECT\IMC\images\img_2.jpg --> www.an.tv /home/antv/www/IMC/images img_2.jpg
2014.06.23 14:41 B E:\WEBPROJECT\IMC\images\img_3.jpg --> www.an.tv /home/antv/www/IMC/images img_3.jpg
2014.06.23 14:41 B E:\WEBPROJECT\IMC\images\img_4.jpg --> www.an.tv /home/antv/www/IMC/images img_4.jpg
2014.06.23 14:42 B E:\WEBPROJECT\IMC\images\img_5.jpg --> www.an.tv /home/antv/www/IMC/images img_5.jpg
2014.06.23 14:42 B E:\WEBPROJECT\IMC\images\img_6.jpg --> www.an.tv /home/antv/www/IMC/images img_6.jpg
2014.06.23 14:42 B E:\WEBPROJECT\IMC\images\img_7.jpg --> www.an.tv /home/antv/www/IMC/images img_7.jpg
2014.06.23 14:42 B E:\WEBPROJECT\IMC\images\WS_FTP.LOG --> www.an.tv /home/antv/www/IMC/mdia/images WS_FTP.LOG
