2014.06.20 11:52 B E:\WEBPROJECT\IMC\bisnis.php --> www.an.tv /home/antv/www/mdia bisnis.php
2014.06.20 11:52 B E:\WEBPROJECT\IMC\csr.php --> www.an.tv /home/antv/www/mdia csr.php
2014.06.20 11:52 B E:\WEBPROJECT\IMC\fade.js --> www.an.tv /home/antv/www/mdia fade.js
2014.06.20 11:52 B E:\WEBPROJECT\IMC\flexdropdown.css --> www.an.tv /home/antv/www/mdia flexdropdown.css
2014.06.20 11:52 B E:\WEBPROJECT\IMC\flexdropdown.js --> www.an.tv /home/antv/www/mdia flexdropdown.js
2014.06.20 11:52 B E:\WEBPROJECT\IMC\header.php --> www.an.tv /home/antv/www/mdia header.php
2014.06.20 11:52 B E:\WEBPROJECT\IMC\header.txt --> www.an.tv /home/antv/www/mdia header.txt
2014.06.20 11:52 B E:\WEBPROJECT\IMC\index.php --> www.an.tv /home/antv/www/mdia index.php
2014.06.20 11:52 B E:\WEBPROJECT\IMC\industri.php --> www.an.tv /home/antv/www/mdia industri.php
2014.06.20 11:52 B E:\WEBPROJECT\IMC\kontak.php --> www.an.tv /home/antv/www/mdia kontak.php
2014.06.20 11:52 B E:\WEBPROJECT\IMC\laporan_tahunan.php --> www.an.tv /home/antv/www/mdia laporan_tahunan.php
2014.06.20 11:52 B E:\WEBPROJECT\IMC\manajemen.php --> www.an.tv /home/antv/www/mdia manajemen.php
2014.06.20 11:52 B E:\WEBPROJECT\IMC\manajemen_isi.html --> www.an.tv /home/antv/www/mdia manajemen_isi.html
2014.06.20 11:52 B E:\WEBPROJECT\IMC\penghargaan.php --> www.an.tv /home/antv/www/mdia penghargaan.php
2014.06.20 11:52 B E:\WEBPROJECT\IMC\press_release.php --> www.an.tv /home/antv/www/mdia press_release.php
2014.06.20 11:52 B E:\WEBPROJECT\IMC\profil_perusahaan.php --> www.an.tv /home/antv/www/mdia profil_perusahaan.php
2014.06.20 11:52 B E:\WEBPROJECT\IMC\rups.php --> www.an.tv /home/antv/www/mdia rups.php
2014.06.20 11:52 B E:\WEBPROJECT\IMC\sambutan_dewan_komisaris.php --> www.an.tv /home/antv/www/mdia sambutan_dewan_komisaris.php
2014.06.20 11:52 B E:\WEBPROJECT\IMC\sambutan_direksi.php --> www.an.tv /home/antv/www/mdia sambutan_direksi.php
2014.06.20 11:52 B E:\WEBPROJECT\IMC\slider.php --> www.an.tv /home/antv/www/mdia slider.php
2014.06.20 11:52 B E:\WEBPROJECT\IMC\slider.txt --> www.an.tv /home/antv/www/mdia slider.txt
2014.06.20 11:52 B E:\WEBPROJECT\IMC\slider2.php --> www.an.tv /home/antv/www/mdia slider2.php
2014.06.20 11:52 B E:\WEBPROJECT\IMC\visi.php --> www.an.tv /home/antv/www/mdia visi.php
2014.06.20 18:58 B E:\WEBPROJECT\IMC\bisnis.php --> www.an.tv /home/antv/www/IMC/mdia bisnis.php
2014.06.20 18:58 B E:\WEBPROJECT\IMC\csr.php --> www.an.tv /home/antv/www/IMC/mdia csr.php
2014.06.20 18:58 B E:\WEBPROJECT\IMC\dewan_direksi.html --> www.an.tv /home/antv/www/IMC/mdia dewan_direksi.html
2014.06.20 18:58 B E:\WEBPROJECT\IMC\dewan_direksi.txt --> www.an.tv /home/antv/www/IMC/mdia dewan_direksi.txt
2014.06.20 18:58 B E:\WEBPROJECT\IMC\dewan_komisaris.html --> www.an.tv /home/antv/www/IMC/mdia dewan_komisaris.html
2014.06.20 18:58 B E:\WEBPROJECT\IMC\dewan_komisaris.txt --> www.an.tv /home/antv/www/IMC/mdia dewan_komisaris.txt
2014.06.20 18:58 B E:\WEBPROJECT\IMC\fade.js --> www.an.tv /home/antv/www/IMC/mdia fade.js
2014.06.20 18:58 B E:\WEBPROJECT\IMC\flexdropdown.css --> www.an.tv /home/antv/www/IMC/mdia flexdropdown.css
2014.06.20 18:58 B E:\WEBPROJECT\IMC\flexdropdown.js --> www.an.tv /home/antv/www/IMC/mdia flexdropdown.js
2014.06.20 18:58 B E:\WEBPROJECT\IMC\footer.txt --> www.an.tv /home/antv/www/IMC/mdia footer.txt
2014.06.20 18:58 B E:\WEBPROJECT\IMC\header.php --> www.an.tv /home/antv/www/IMC/mdia header.php
2014.06.20 18:58 B E:\WEBPROJECT\IMC\header.txt --> www.an.tv /home/antv/www/IMC/mdia header.txt
2014.06.20 18:58 B E:\WEBPROJECT\IMC\index.php --> www.an.tv /home/antv/www/IMC/mdia index.php
2014.06.20 18:58 B E:\WEBPROJECT\IMC\industri.php --> www.an.tv /home/antv/www/IMC/mdia industri.php
2014.06.20 18:58 B E:\WEBPROJECT\IMC\industri_isi.php --> www.an.tv /home/antv/www/IMC/mdia industri_isi.php
2014.06.20 18:58 B E:\WEBPROJECT\IMC\kontak.php --> www.an.tv /home/antv/www/IMC/mdia kontak.php
2014.06.20 18:58 B E:\WEBPROJECT\IMC\laporan_tahunan.php --> www.an.tv /home/antv/www/IMC/mdia laporan_tahunan.php
2014.06.20 18:58 B E:\WEBPROJECT\IMC\manajemen.php --> www.an.tv /home/antv/www/IMC/mdia manajemen.php
2014.06.20 18:58 B E:\WEBPROJECT\IMC\manajemen_isi.html --> www.an.tv /home/antv/www/IMC/mdia manajemen_isi.html
2014.06.20 18:58 B E:\WEBPROJECT\IMC\manajemen_komisaris.php --> www.an.tv /home/antv/www/IMC/mdia manajemen_komisaris.php
2014.06.20 18:58 B E:\WEBPROJECT\IMC\penghargaan.php --> www.an.tv /home/antv/www/IMC/mdia penghargaan.php
2014.06.20 18:58 B E:\WEBPROJECT\IMC\penghargaan_isi.php --> www.an.tv /home/antv/www/IMC/mdia penghargaan_isi.php
2014.06.20 18:58 B E:\WEBPROJECT\IMC\penghargaan_isi.txt --> www.an.tv /home/antv/www/IMC/mdia penghargaan_isi.txt
2014.06.20 18:58 B E:\WEBPROJECT\IMC\press_release.php --> www.an.tv /home/antv/www/IMC/mdia press_release.php
2014.06.20 18:58 B E:\WEBPROJECT\IMC\profil_perusahaan.php --> www.an.tv /home/antv/www/IMC/mdia profil_perusahaan.php
2014.06.20 18:58 B E:\WEBPROJECT\IMC\rups.php --> www.an.tv /home/antv/www/IMC/mdia rups.php
2014.06.20 18:58 B E:\WEBPROJECT\IMC\sambutan_dewan_komisaris.php --> www.an.tv /home/antv/www/IMC/mdia sambutan_dewan_komisaris.php
2014.06.20 18:58 B E:\WEBPROJECT\IMC\sambutan_direksi.php --> www.an.tv /home/antv/www/IMC/mdia sambutan_direksi.php
2014.06.20 18:59 B E:\WEBPROJECT\IMC\slider.php --> www.an.tv /home/antv/www/IMC/mdia slider.php
2014.06.20 18:59 B E:\WEBPROJECT\IMC\slider.txt --> www.an.tv /home/antv/www/IMC/mdia slider.txt
2014.06.20 18:59 B E:\WEBPROJECT\IMC\slider2.php --> www.an.tv /home/antv/www/IMC/mdia slider2.php
2014.06.20 18:59 B E:\WEBPROJECT\IMC\visi.php --> www.an.tv /home/antv/www/IMC/mdia visi.php
2014.06.20 19:00 B E:\WEBPROJECT\IMC\index.php --> www.an.tv /home/antv/www/IMC/mdia index.php
2014.06.23 12:52 B E:\WEBPROJECT\IMC\penghargaan_isi.txt --> www.an.tv /home/antv/www/mdia penghargaan_isi.txt
2014.06.23 12:54 B E:\WEBPROJECT\IMC\penghargaan_isi.txt --> www.an.tv /home/antv/www/mdia penghargaan_isi.txt
2014.06.23 12:55 B E:\WEBPROJECT\IMC\footer.txt --> www.an.tv /home/antv/www/mdia footer.txt
2014.06.23 12:56 B E:\WEBPROJECT\IMC\footer.txt --> www.an.tv /home/antv/www/mdia footer.txt
2014.06.23 12:56 B E:\WEBPROJECT\IMC\footer.txt --> www.an.tv /home/antv/www/mdia footer.txt
2014.06.23 12:58 B E:\WEBPROJECT\IMC\bisnis.php --> www.an.tv /home/antv/www/mdia bisnis.php
2014.06.23 12:58 B E:\WEBPROJECT\IMC\csr.php --> www.an.tv /home/antv/www/mdia csr.php
2014.06.23 12:58 B E:\WEBPROJECT\IMC\dewan_direksi.html --> www.an.tv /home/antv/www/mdia dewan_direksi.html
2014.06.23 12:58 B E:\WEBPROJECT\IMC\dewan_direksi.txt --> www.an.tv /home/antv/www/mdia dewan_direksi.txt
2014.06.23 12:58 B E:\WEBPROJECT\IMC\dewan_komisaris.html --> www.an.tv /home/antv/www/mdia dewan_komisaris.html
2014.06.23 12:58 B E:\WEBPROJECT\IMC\dewan_komisaris.txt --> www.an.tv /home/antv/www/mdia dewan_komisaris.txt
2014.06.23 12:59 B E:\WEBPROJECT\IMC\fade.js --> www.an.tv /home/antv/www/mdia fade.js
2014.06.23 12:59 B E:\WEBPROJECT\IMC\flexdropdown.css --> www.an.tv /home/antv/www/mdia flexdropdown.css
2014.06.23 12:59 B E:\WEBPROJECT\IMC\flexdropdown.js --> www.an.tv /home/antv/www/mdia flexdropdown.js
2014.06.23 12:59 B E:\WEBPROJECT\IMC\footer.txt --> www.an.tv /home/antv/www/mdia footer.txt
2014.06.23 12:59 B E:\WEBPROJECT\IMC\header.php --> www.an.tv /home/antv/www/mdia header.php
2014.06.23 12:59 B E:\WEBPROJECT\IMC\header.txt --> www.an.tv /home/antv/www/mdia header.txt
2014.06.23 12:59 B E:\WEBPROJECT\IMC\index.php --> www.an.tv /home/antv/www/mdia index.php
2014.06.23 13:00 B E:\WEBPROJECT\IMC\industri.php --> www.an.tv /home/antv/www/mdia industri.php
2014.06.23 13:00 B E:\WEBPROJECT\IMC\industri_isi.php --> www.an.tv /home/antv/www/mdia industri_isi.php
2014.06.23 13:00 B E:\WEBPROJECT\IMC\kontak.php --> www.an.tv /home/antv/www/mdia kontak.php
2014.06.23 13:00 B E:\WEBPROJECT\IMC\laporan_tahunan.php --> www.an.tv /home/antv/www/mdia laporan_tahunan.php
2014.06.23 13:00 B E:\WEBPROJECT\IMC\manajemen.php --> www.an.tv /home/antv/www/mdia manajemen.php
2014.06.23 13:00 B E:\WEBPROJECT\IMC\manajemen_isi.html --> www.an.tv /home/antv/www/mdia manajemen_isi.html
2014.06.23 13:00 B E:\WEBPROJECT\IMC\manajemen_komisaris.php --> www.an.tv /home/antv/www/mdia manajemen_komisaris.php
2014.06.23 13:00 B E:\WEBPROJECT\IMC\penghargaan.php --> www.an.tv /home/antv/www/mdia penghargaan.php
2014.06.23 13:00 B E:\WEBPROJECT\IMC\penghargaan_isi.php --> www.an.tv /home/antv/www/mdia penghargaan_isi.php
2014.06.23 13:00 B E:\WEBPROJECT\IMC\penghargaan_isi.txt --> www.an.tv /home/antv/www/mdia penghargaan_isi.txt
2014.06.23 13:00 B E:\WEBPROJECT\IMC\press_release.php --> www.an.tv /home/antv/www/mdia press_release.php
2014.06.23 13:00 B E:\WEBPROJECT\IMC\profil_perusahaan.php --> www.an.tv /home/antv/www/mdia profil_perusahaan.php
2014.06.23 13:00 B E:\WEBPROJECT\IMC\rups.php --> www.an.tv /home/antv/www/mdia rups.php
2014.06.23 13:00 B E:\WEBPROJECT\IMC\sambutan_dewan_komisaris.php --> www.an.tv /home/antv/www/mdia sambutan_dewan_komisaris.php
2014.06.23 13:00 B E:\WEBPROJECT\IMC\sambutan_direksi.php --> www.an.tv /home/antv/www/mdia sambutan_direksi.php
2014.06.23 13:00 B E:\WEBPROJECT\IMC\slider.php --> www.an.tv /home/antv/www/mdia slider.php
2014.06.23 13:00 B E:\WEBPROJECT\IMC\slider.txt --> www.an.tv /home/antv/www/mdia slider.txt
2014.06.23 13:00 B E:\WEBPROJECT\IMC\slider2.php --> www.an.tv /home/antv/www/mdia slider2.php
2014.06.23 13:00 B E:\WEBPROJECT\IMC\visi.php --> www.an.tv /home/antv/www/mdia visi.php
2014.06.23 13:59 B E:\WEBPROJECT\IMC\slider.txt --> www.an.tv /home/antv/www slider.txt
2014.06.23 13:59 B E:\WEBPROJECT\IMC\slider.txt --> www.an.tv /home/antv/www/mdia slider.txt
2014.06.23 13:59 B E:\WEBPROJECT\IMC\slider.txt --> www.an.tv /home/antv/www/mdia slider.txt
2014.06.23 14:43 B E:\WEBPROJECT\IMC\bisnis.php --> www.an.tv /home/antv/www/IMC/mdia bisnis.php
2014.06.23 14:43 B E:\WEBPROJECT\IMC\csr.php --> www.an.tv /home/antv/www/IMC/mdia csr.php
2014.06.23 14:43 B E:\WEBPROJECT\IMC\dewan_direksi.html --> www.an.tv /home/antv/www/IMC/mdia dewan_direksi.html
2014.06.23 14:43 B E:\WEBPROJECT\IMC\dewan_direksi.txt --> www.an.tv /home/antv/www/IMC/mdia dewan_direksi.txt
2014.06.23 14:43 B E:\WEBPROJECT\IMC\dewan_komisaris.html --> www.an.tv /home/antv/www/IMC/mdia dewan_komisaris.html
2014.06.23 14:43 B E:\WEBPROJECT\IMC\dewan_komisaris.txt --> www.an.tv /home/antv/www/IMC/mdia dewan_komisaris.txt
2014.06.23 14:43 B E:\WEBPROJECT\IMC\fade.js --> www.an.tv /home/antv/www/IMC/mdia fade.js
2014.06.23 14:43 B E:\WEBPROJECT\IMC\flexdropdown.css --> www.an.tv /home/antv/www/IMC/mdia flexdropdown.css
2014.06.23 14:43 B E:\WEBPROJECT\IMC\flexdropdown.js --> www.an.tv /home/antv/www/IMC/mdia flexdropdown.js
2014.06.23 14:43 B E:\WEBPROJECT\IMC\footer.txt --> www.an.tv /home/antv/www/IMC/mdia footer.txt
2014.06.23 14:43 B E:\WEBPROJECT\IMC\header.php --> www.an.tv /home/antv/www/IMC/mdia header.php
2014.06.23 14:43 B E:\WEBPROJECT\IMC\header.txt --> www.an.tv /home/antv/www/IMC/mdia header.txt
2014.06.23 14:43 B E:\WEBPROJECT\IMC\index.php --> www.an.tv /home/antv/www/IMC/mdia index.php
2014.06.23 14:43 B E:\WEBPROJECT\IMC\industri.php --> www.an.tv /home/antv/www/IMC/mdia industri.php
2014.06.23 14:43 B E:\WEBPROJECT\IMC\industri_isi.php --> www.an.tv /home/antv/www/IMC/mdia industri_isi.php
2014.06.23 14:43 B E:\WEBPROJECT\IMC\kontak.php --> www.an.tv /home/antv/www/IMC/mdia kontak.php
2014.06.23 14:43 B E:\WEBPROJECT\IMC\laporan_tahunan.php --> www.an.tv /home/antv/www/IMC/mdia laporan_tahunan.php
2014.06.23 14:43 B E:\WEBPROJECT\IMC\manajemen.php --> www.an.tv /home/antv/www/IMC/mdia manajemen.php
2014.06.23 14:43 B E:\WEBPROJECT\IMC\manajemen_isi.html --> www.an.tv /home/antv/www/IMC/mdia manajemen_isi.html
2014.06.23 14:43 B E:\WEBPROJECT\IMC\manajemen_komisaris.php --> www.an.tv /home/antv/www/IMC/mdia manajemen_komisaris.php
2014.06.23 14:43 B E:\WEBPROJECT\IMC\penghargaan.php --> www.an.tv /home/antv/www/IMC/mdia penghargaan.php
2014.06.23 14:43 B E:\WEBPROJECT\IMC\penghargaan_isi.php --> www.an.tv /home/antv/www/IMC/mdia penghargaan_isi.php
2014.06.23 14:43 B E:\WEBPROJECT\IMC\penghargaan_isi.txt --> www.an.tv /home/antv/www/IMC/mdia penghargaan_isi.txt
2014.06.23 14:43 B E:\WEBPROJECT\IMC\press_release.php --> www.an.tv /home/antv/www/IMC/mdia press_release.php
2014.06.23 14:43 B E:\WEBPROJECT\IMC\profil_perusahaan.php --> www.an.tv /home/antv/www/IMC/mdia profil_perusahaan.php
2014.06.23 14:43 B E:\WEBPROJECT\IMC\rups.php --> www.an.tv /home/antv/www/IMC/mdia rups.php
2014.06.23 14:43 B E:\WEBPROJECT\IMC\sambutan_dewan_komisaris.php --> www.an.tv /home/antv/www/IMC/mdia sambutan_dewan_komisaris.php
2014.06.23 14:43 B E:\WEBPROJECT\IMC\sambutan_direksi.php --> www.an.tv /home/antv/www/IMC/mdia sambutan_direksi.php
2014.06.23 14:43 B E:\WEBPROJECT\IMC\slider.php --> www.an.tv /home/antv/www/IMC/mdia slider.php
2014.06.23 14:43 B E:\WEBPROJECT\IMC\slider.txt --> www.an.tv /home/antv/www/IMC/mdia slider.txt
2014.06.23 14:43 B E:\WEBPROJECT\IMC\slider2.php --> www.an.tv /home/antv/www/IMC/mdia slider2.php
2014.06.23 14:43 B E:\WEBPROJECT\IMC\visi.php --> www.an.tv /home/antv/www/IMC/mdia visi.php
2014.06.23 14:43 B E:\WEBPROJECT\IMC\WS_FTP.LOG --> www.an.tv /home/antv/www/IMC/mdia WS_FTP.LOG
2014.06.25 11:00 B E:\WEBPROJECT\IMC\WS_FTP.LOG --> www.an.tv /home/antv/www/IMC WS_FTP.LOG
2014.06.25 11:00 B E:\WEBPROJECT\IMC\visi.php --> www.an.tv /home/antv/www/IMC visi.php
2014.06.25 11:00 B E:\WEBPROJECT\IMC\slider2.php --> www.an.tv /home/antv/www/IMC slider2.php
2014.06.25 11:00 B E:\WEBPROJECT\IMC\slider.txt --> www.an.tv /home/antv/www/IMC slider.txt
2014.06.25 11:00 B E:\WEBPROJECT\IMC\slider.php --> www.an.tv /home/antv/www/IMC slider.php
2014.06.25 11:00 B E:\WEBPROJECT\IMC\sambutan_direksi.php --> www.an.tv /home/antv/www/IMC sambutan_direksi.php
2014.06.25 11:00 B E:\WEBPROJECT\IMC\sambutan_dewan_komisaris.php --> www.an.tv /home/antv/www/IMC sambutan_dewan_komisaris.php
2014.06.25 11:00 B E:\WEBPROJECT\IMC\rups.php --> www.an.tv /home/antv/www/IMC rups.php
2014.06.25 11:00 B E:\WEBPROJECT\IMC\profil_perusahaan.php --> www.an.tv /home/antv/www/IMC profil_perusahaan.php
2014.06.25 11:00 B E:\WEBPROJECT\IMC\press_release.php --> www.an.tv /home/antv/www/IMC press_release.php
2014.06.25 11:00 B E:\WEBPROJECT\IMC\penghargaan_isi.txt --> www.an.tv /home/antv/www/IMC penghargaan_isi.txt
2014.06.25 11:00 B E:\WEBPROJECT\IMC\penghargaan_isi.php --> www.an.tv /home/antv/www/IMC penghargaan_isi.php
2014.06.25 11:00 B E:\WEBPROJECT\IMC\penghargaan.php --> www.an.tv /home/antv/www/IMC penghargaan.php
2014.06.25 11:00 B E:\WEBPROJECT\IMC\manajemen_komisaris.php --> www.an.tv /home/antv/www/IMC manajemen_komisaris.php
2014.06.25 11:00 B E:\WEBPROJECT\IMC\manajemen_isi.html --> www.an.tv /home/antv/www/IMC manajemen_isi.html
2014.06.25 11:00 B E:\WEBPROJECT\IMC\manajemen.php --> www.an.tv /home/antv/www/IMC manajemen.php
2014.06.25 11:00 B E:\WEBPROJECT\IMC\laporan_tahunan.php --> www.an.tv /home/antv/www/IMC laporan_tahunan.php
2014.06.25 11:00 B E:\WEBPROJECT\IMC\kontak.php --> www.an.tv /home/antv/www/IMC kontak.php
2014.06.25 11:00 B E:\WEBPROJECT\IMC\industri_isi.php --> www.an.tv /home/antv/www/IMC industri_isi.php
2014.06.25 11:00 B E:\WEBPROJECT\IMC\industri.php --> www.an.tv /home/antv/www/IMC industri.php
2014.06.25 11:00 B E:\WEBPROJECT\IMC\index.php --> www.an.tv /home/antv/www/IMC index.php
2014.06.25 11:00 B E:\WEBPROJECT\IMC\header.txt --> www.an.tv /home/antv/www/IMC header.txt
2014.06.25 11:00 B E:\WEBPROJECT\IMC\header.php --> www.an.tv /home/antv/www/IMC header.php
2014.06.25 11:00 B E:\WEBPROJECT\IMC\footer.txt --> www.an.tv /home/antv/www/IMC footer.txt
2014.06.25 11:00 B E:\WEBPROJECT\IMC\flexdropdown.js --> www.an.tv /home/antv/www/IMC flexdropdown.js
2014.06.25 11:00 B E:\WEBPROJECT\IMC\flexdropdown.css --> www.an.tv /home/antv/www/IMC flexdropdown.css
2014.06.25 11:00 B E:\WEBPROJECT\IMC\fade.js --> www.an.tv /home/antv/www/IMC fade.js
2014.06.25 11:00 B E:\WEBPROJECT\IMC\dewan_komisaris.txt --> www.an.tv /home/antv/www/IMC dewan_komisaris.txt
2014.06.25 11:00 B E:\WEBPROJECT\IMC\dewan_komisaris.html --> www.an.tv /home/antv/www/IMC dewan_komisaris.html
2014.06.25 11:00 B E:\WEBPROJECT\IMC\dewan_direksi.txt --> www.an.tv /home/antv/www/IMC dewan_direksi.txt
2014.06.25 11:00 B E:\WEBPROJECT\IMC\dewan_direksi.html --> www.an.tv /home/antv/www/IMC dewan_direksi.html
2014.06.25 11:00 B E:\WEBPROJECT\IMC\csr.php --> www.an.tv /home/antv/www/IMC csr.php
2014.06.25 11:00 B E:\WEBPROJECT\IMC\bisnis.php --> www.an.tv /home/antv/www/IMC bisnis.php
